<?xml version="1.0" encoding="UTF-8"?>
<Site BuildName="Linux-g++"
	BuildStamp="20250603-1950-Experimental"
	Name="AndyStation"
	Generator="ctest-3.28.3"
	CompilerName="/usr/bin/g++"
	CompilerVersion="13.3.0"
	OSName="Linux"
	Hostname="AndyStation"
	OSRelease="6.6.87.1-microsoft-standard-WSL2"
	OSVersion="#1 SMP PREEMPT_DYNAMIC Mon Apr 21 17:08:54 UTC 2025"
	OSPlatform="x86_64"
	Is64Bits="1"
	VendorString="AuthenticAMD"
	VendorID="Advanced Micro Devices"
	FamilyID="25"
	ModelID="97"
	ProcessorCacheSize="1024"
	NumberOfLogicalCPU="16"
	NumberOfPhysicalCPU="8"
	TotalVirtualMemory="4096"
	TotalPhysicalMemory="15560"
	LogicalProcessorsPerPhysical="2"
	ProcessorClockFrequency="4192.06"
	>
	<Testing>
		<StartDateTime>Jun 03 12:50 PDT</StartDateTime>
		<StartTestTime>1748980237</StartTestTime>
		<TestList/>
		<EndDateTime>Jun 03 12:50 PDT</EndDateTime>
		<EndTestTime>1748980237</EndTestTime>
		<ElapsedMinutes>0</ElapsedMinutes>
	</Testing>
</Site>
